<?xml version="1.0" encoding="UTF-8"?>
<!-- Generated by org.testng.reporters.JUnitXMLReporter -->
<testsuite ignored="0" hostname="LAPTOP-OAE6CNGV" failures="0" tests="3" name="Default test" time="0.09" errors="0" timestamp="2023-07-18T12:04:45 IST">
  <testcase classname="TestNG.Test01" name="composemailTest" time="0.007"/>
  <testcase classname="TestNG.Test01" name="deletetesxt" time="0.004"/>
  <testcase classname="TestNG.Test01" name="searchmailtext" time="0.003"/>
</testsuite> <!-- Default test -->
